app/build/intermediates/manifest_merge_blame_file/debug/manifest-merger-blame-debug-report.txt
1<?xml version="1.0" encoding="utf-8"?>
2<manifest xmlns:android="http://schemas.android.com/apk/res/android"
3    package="com.example.dashitem"
4    android:versionCode="1"
5    android:versionName="1.0" >
6
7    <uses-sdk
8        android:minSdkVersion="24"
8-->src\main\AndroidManifest.xml
9        android:targetSdkVersion="33" />
9-->src\main\AndroidManifest.xml
10
11    <!-- Although the *SdkVersion is captured in gradle build files, this is required for non gradle builds -->
12    <!-- <uses-sdk android:minSdkVersion="14"/> -->
13    <uses-permission android:name="android.permission.ACCESS_NETWORK_STATE" />
13-->[com.google.firebase:firebase-database:20.2.1] AndroidManifest.xml:24:5-79
13-->[com.google.firebase:firebase-database:20.2.1] AndroidManifest.xml:24:22-76
14    <uses-permission android:name="android.permission.INTERNET" />
14-->[com.google.firebase:firebase-database:20.2.1] AndroidManifest.xml:25:5-67
14-->[com.google.firebase:firebase-database:20.2.1] AndroidManifest.xml:25:22-64
15
16    <permission
16-->[androidx.core:core:1.9.0] AndroidManifest.xml:22:5-24:47
17        android:name="com.example.dashitem.DYNAMIC_RECEIVER_NOT_EXPORTED_PERMISSION"
17-->[androidx.core:core:1.9.0] AndroidManifest.xml:23:9-81
18        android:protectionLevel="signature" />
18-->[androidx.core:core:1.9.0] AndroidManifest.xml:24:9-44
19
20    <uses-permission android:name="com.example.dashitem.DYNAMIC_RECEIVER_NOT_EXPORTED_PERMISSION" />
20-->[androidx.core:core:1.9.0] AndroidManifest.xml:26:5-97
20-->[androidx.core:core:1.9.0] AndroidManifest.xml:26:22-94
21
22    <application
22-->src\main\AndroidManifest.xml:5:5-38:19
23        android:allowBackup="true"
23-->src\main\AndroidManifest.xml:6:9-35
24        android:appComponentFactory="androidx.core.app.CoreComponentFactory"
24-->[androidx.core:core:1.9.0] AndroidManifest.xml:28:18-86
25        android:dataExtractionRules="@xml/data_extraction_rules"
25-->src\main\AndroidManifest.xml:7:9-65
26        android:debuggable="true"
27        android:extractNativeLibs="false"
28        android:fullBackupContent="@xml/backup_rules"
28-->src\main\AndroidManifest.xml:8:9-54
29        android:icon="@mipmap/ic_launcher"
29-->src\main\AndroidManifest.xml:9:9-43
30        android:label="@string/app_name"
30-->src\main\AndroidManifest.xml:10:9-41
31        android:supportsRtl="true"
31-->src\main\AndroidManifest.xml:11:9-35
32        android:testOnly="true"
33        android:theme="@style/Theme.DashItem" >
33-->src\main\AndroidManifest.xml:12:9-46
34        <activity
34-->src\main\AndroidManifest.xml:14:9-16:40
35            android:name="com.example.dashitem.ItemsCart"
35-->src\main\AndroidManifest.xml:15:13-38
36            android:exported="false" />
36-->src\main\AndroidManifest.xml:16:13-37
37        <activity
37-->src\main\AndroidManifest.xml:17:9-19:40
38            android:name="com.example.dashitem.Deleteorder"
38-->src\main\AndroidManifest.xml:18:13-40
39            android:exported="false" />
39-->src\main\AndroidManifest.xml:19:13-37
40        <activity
40-->src\main\AndroidManifest.xml:20:9-22:40
41            android:name="com.example.dashitem.Updateorder"
41-->src\main\AndroidManifest.xml:21:13-40
42            android:exported="false" />
42-->src\main\AndroidManifest.xml:22:13-37
43        <activity
43-->src\main\AndroidManifest.xml:23:9-25:40
44            android:name="com.example.dashitem.Makeorder"
44-->src\main\AndroidManifest.xml:24:13-38
45            android:exported="false" />
45-->src\main\AndroidManifest.xml:25:13-37
46        <activity
46-->src\main\AndroidManifest.xml:26:9-28:40
47            android:name="com.example.dashitem.Placeorder"
47-->src\main\AndroidManifest.xml:27:13-39
48            android:exported="false" />
48-->src\main\AndroidManifest.xml:28:13-37
49        <activity
49-->src\main\AndroidManifest.xml:29:9-37:20
50            android:name="com.example.dashitem.OrderDash"
50-->src\main\AndroidManifest.xml:30:13-38
51            android:exported="true" >
51-->src\main\AndroidManifest.xml:31:13-36
52            <intent-filter>
52-->src\main\AndroidManifest.xml:32:13-36:29
53                <action android:name="android.intent.action.MAIN" />
53-->src\main\AndroidManifest.xml:33:17-69
53-->src\main\AndroidManifest.xml:33:25-66
54
55                <category android:name="android.intent.category.LAUNCHER" />
55-->src\main\AndroidManifest.xml:35:17-77
55-->src\main\AndroidManifest.xml:35:27-74
56            </intent-filter>
57        </activity>
58
59        <service
59-->[com.google.firebase:firebase-database-ktx:20.2.1] AndroidManifest.xml:11:9-17:19
60            android:name="com.google.firebase.components.ComponentDiscoveryService"
60-->[com.google.firebase:firebase-database-ktx:20.2.1] AndroidManifest.xml:12:13-84
61            android:directBootAware="true"
61-->[com.google.firebase:firebase-common:20.3.2] AndroidManifest.xml:34:13-43
62            android:exported="false" >
62-->[com.google.firebase:firebase-database-ktx:20.2.1] AndroidManifest.xml:13:13-37
63            <meta-data
63-->[com.google.firebase:firebase-database-ktx:20.2.1] AndroidManifest.xml:14:13-16:85
64                android:name="com.google.firebase.components:com.google.firebase.database.ktx.FirebaseDatabaseKtxRegistrar"
64-->[com.google.firebase:firebase-database-ktx:20.2.1] AndroidManifest.xml:15:17-124
65                android:value="com.google.firebase.components.ComponentRegistrar" />
65-->[com.google.firebase:firebase-database-ktx:20.2.1] AndroidManifest.xml:16:17-82
66            <meta-data
66-->[com.google.firebase:firebase-common-ktx:20.3.2] AndroidManifest.xml:14:13-16:85
67                android:name="com.google.firebase.components:com.google.firebase.ktx.FirebaseCommonKtxRegistrar"
67-->[com.google.firebase:firebase-common-ktx:20.3.2] AndroidManifest.xml:15:17-113
68                android:value="com.google.firebase.components.ComponentRegistrar" />
68-->[com.google.firebase:firebase-common-ktx:20.3.2] AndroidManifest.xml:16:17-82
69            <meta-data
69-->[com.google.firebase:firebase-database:20.2.1] AndroidManifest.xml:31:13-33:85
70                android:name="com.google.firebase.components:com.google.firebase.database.DatabaseRegistrar"
70-->[com.google.firebase:firebase-database:20.2.1] AndroidManifest.xml:32:17-109
71                android:value="com.google.firebase.components.ComponentRegistrar" />
71-->[com.google.firebase:firebase-database:20.2.1] AndroidManifest.xml:33:17-82
72        </service>
73
74        <activity
74-->[com.google.android.gms:play-services-base:18.1.0] AndroidManifest.xml:20:9-22:45
75            android:name="com.google.android.gms.common.api.GoogleApiActivity"
75-->[com.google.android.gms:play-services-base:18.1.0] AndroidManifest.xml:20:19-85
76            android:exported="false"
76-->[com.google.android.gms:play-services-base:18.1.0] AndroidManifest.xml:22:19-43
77            android:theme="@android:style/Theme.Translucent.NoTitleBar" />
77-->[com.google.android.gms:play-services-base:18.1.0] AndroidManifest.xml:21:19-78
78
79        <provider
79-->[com.google.firebase:firebase-common:20.3.2] AndroidManifest.xml:25:9-30:39
80            android:name="com.google.firebase.provider.FirebaseInitProvider"
80-->[com.google.firebase:firebase-common:20.3.2] AndroidManifest.xml:26:13-77
81            android:authorities="com.example.dashitem.firebaseinitprovider"
81-->[com.google.firebase:firebase-common:20.3.2] AndroidManifest.xml:27:13-72
82            android:directBootAware="true"
82-->[com.google.firebase:firebase-common:20.3.2] AndroidManifest.xml:28:13-43
83            android:exported="false"
83-->[com.google.firebase:firebase-common:20.3.2] AndroidManifest.xml:29:13-37
84            android:initOrder="100" />
84-->[com.google.firebase:firebase-common:20.3.2] AndroidManifest.xml:30:13-36
85
86        <meta-data
86-->[com.google.android.gms:play-services-basement:18.1.0] AndroidManifest.xml:21:9-23:69
87            android:name="com.google.android.gms.version"
87-->[com.google.android.gms:play-services-basement:18.1.0] AndroidManifest.xml:22:13-58
88            android:value="@integer/google_play_services_version" />
88-->[com.google.android.gms:play-services-basement:18.1.0] AndroidManifest.xml:23:13-66
89
90        <provider
90-->[androidx.emoji2:emoji2:1.2.0] AndroidManifest.xml:24:9-32:20
91            android:name="androidx.startup.InitializationProvider"
91-->[androidx.emoji2:emoji2:1.2.0] AndroidManifest.xml:25:13-67
92            android:authorities="com.example.dashitem.androidx-startup"
92-->[androidx.emoji2:emoji2:1.2.0] AndroidManifest.xml:26:13-68
93            android:exported="false" >
93-->[androidx.emoji2:emoji2:1.2.0] AndroidManifest.xml:27:13-37
94            <meta-data
94-->[androidx.emoji2:emoji2:1.2.0] AndroidManifest.xml:29:13-31:52
95                android:name="androidx.emoji2.text.EmojiCompatInitializer"
95-->[androidx.emoji2:emoji2:1.2.0] AndroidManifest.xml:30:17-75
96                android:value="androidx.startup" />
96-->[androidx.emoji2:emoji2:1.2.0] AndroidManifest.xml:31:17-49
97            <meta-data
97-->[androidx.lifecycle:lifecycle-process:2.4.1] AndroidManifest.xml:31:13-33:52
98                android:name="androidx.lifecycle.ProcessLifecycleInitializer"
98-->[androidx.lifecycle:lifecycle-process:2.4.1] AndroidManifest.xml:32:17-78
99                android:value="androidx.startup" />
99-->[androidx.lifecycle:lifecycle-process:2.4.1] AndroidManifest.xml:33:17-49
100        </provider>
101    </application>
102
103</manifest>